<?xml version="1.0" encoding="UTF-8"?>
<!-- Generated by org.testng.reporters.JUnitXMLReporter -->
<testsuite hostname="Ajeet" name="SignIn Tests" tests="2" failures="2" timestamp="13 Aug 2022 14:24:15 GMT" time="0.114" errors="0">
  <testcase name="@BeforeSuite reportsetup" time="0.0" classname="shopkeytests.SignIn">
    <failure type="java.lang.NoSuchMethodError" message="com.aventstack.extentreports.ExtentReports.attachReporter([Lcom/aventstack/extentreports/observer/ExtentObserver;)V">
      <![CDATA[java.lang.NoSuchMethodError: com.aventstack.extentreports.ExtentReports.attachReporter([Lcom/aventstack/extentreports/observer/ExtentObserver;)V
	at shopkeytests.Reports.reportsetup(Reports.java:20)
... Removed 18 stack frames]]>
    </failure>
  </testcase> <!-- @BeforeSuite reportsetup -->
  <testcase name="@BeforeTest setup" time="0.0" classname="shopkeytests.SignIn">
    <skipped/>
  </testcase> <!-- @BeforeTest setup -->
  <testcase name="sampleTest" time="0.01" classname="shopkeytests.SignIn">
    <failure type="java.lang.NoSuchMethodError" message="com.aventstack.extentreports.ExtentReports.attachReporter([Lcom/aventstack/extentreports/observer/ExtentObserver;)V">
      <![CDATA[java.lang.NoSuchMethodError: com.aventstack.extentreports.ExtentReports.attachReporter([Lcom/aventstack/extentreports/observer/ExtentObserver;)V
	at com.vsysq.base.ExtentManager.createInstance(ExtentManager.java:39)
	at com.vsysq.base.ExtentManager.getInstance(ExtentManager.java:21)
	at com.vsysq.base.ExtentTestManager.<clinit>(ExtentTestManager.java:11)
	at com.vsysq.base.TestListener.onTestStart(TestListener.java:24)
... Removed 21 stack frames]]>
    </failure>
  </testcase> <!-- sampleTest -->
  <testcase name="sampleTest" time="0.022" classname="shopkeytests.SignIn">
    <failure type="java.lang.NoClassDefFoundError" message="Could not initialize class com.vsysq.base.ExtentTestManager">
      <![CDATA[java.lang.NoClassDefFoundError: Could not initialize class com.vsysq.base.ExtentTestManager
	at com.vsysq.base.TestListener.onTestFailure(TestListener.java:34)
... Removed 21 stack frames]]>
    </failure>
  </testcase> <!-- sampleTest -->
</testsuite> <!-- SignIn Tests -->
